============================= test session starts =============================
platform win32 -- Python 3.13.7, pytest-9.1.1, pluggy-1.6.0 -- C:\Program Files\Python313\python.exe
cachedir: .pytest_cache
rootdir: D:\Weather-Hackathon
plugins: anyio-4.12.1
collecting ... collected 350 items

tests/test_api.py::test_health_endpoint PASSED                           [  0%]
tests/test_api.py::test_model_info_endpoint PASSED                       [  0%]
tests/test_api.py::test_predict_and_risk_map_lifecycle PASSED            [  0%]
tests/test_api.py::test_explanation_endpoint PASSED                      [  1%]
tests/test_api.py::test_unified_root_and_health PASSED                   [  1%]
tests/test_api.py::test_unified_static_assets PASSED                     [  1%]
tests/test_api.py::test_unified_current_weather PASSED                   [  2%]
tests/test_api.py::test_unified_nowcast_summary_and_horizons PASSED      [  2%]
tests/test_api.py::test_unified_risk_map_polygon PASSED                  [  2%]
tests/test_api.py::test_unified_districts_aggregation PASSED             [  2%]
tests/test_api.py::test_unified_thermodynamics PASSED                    [  3%]
tests/test_api.py::test_unified_xai PASSED                               [  3%]
tests/test_api.py::test_unified_invalid_lead PASSED                      [  3%]
tests/test_api.py::test_unified_boundaries_west_bengal PASSED            [  4%]
tests/test_api.py::test_unified_benchmark_models PASSED                  [  4%]
tests/test_api.py::test_unified_high_risk_cells PASSED                   [  4%]
tests/test_api.py::test_unified_satellite_info PASSED                    [  4%]
tests/test_api.py::test_unified_risk_surface PASSED                      [  5%]
tests/test_api.py::test_unified_mode_status PASSED                       [  5%]
tests/test_api.py::test_unified_live_surface PASSED                      [  5%]
tests/test_api.py::test_unified_live_ml_status PASSED                    [  6%]
tests/test_api.py::test_unified_data_health PASSED                       [  6%]
tests/test_api.py::test_unified_state_boundary PASSED                    [  6%]
tests/test_api.py::test_unified_html_dual_mode_elements PASSED           [  6%]
tests/test_api.py::test_unified_mode_query_param PASSED                  [  7%]
tests/test_api.py::test_live_horizons_are_distinct_and_preserve_mode PASSED [  7%]
tests/test_api.py::test_point_inspection_respects_mode_and_horizon PASSED [  7%]
tests/test_api.py::test_point_inspection_rejects_locations_outside_west_bengal PASSED [  8%]
tests/test_audit_invariants.py::test_no_replacement_characters[D:\\Weather-Hackathon\\frontend\\js\\app.js] PASSED [  8%]
tests/test_audit_invariants.py::test_no_replacement_characters[D:\\Weather-Hackathon\\frontend\\index.html] PASSED [  8%]
tests/test_audit_invariants.py::test_no_replacement_characters[D:\\Weather-Hackathon\\frontend\\css\\styles.css] PASSED [  8%]
tests/test_audit_invariants.py::test_sources_are_valid_utf8[D:\\Weather-Hackathon\\frontend\\js\\app.js] PASSED [  9%]
tests/test_audit_invariants.py::test_sources_are_valid_utf8[D:\\Weather-Hackathon\\frontend\\index.html] PASSED [  9%]
tests/test_audit_invariants.py::test_sources_are_valid_utf8[D:\\Weather-Hackathon\\frontend\\css\\styles.css] PASSED [  9%]
tests/test_audit_invariants.py::test_expected_unicode_glyphs_present PASSED [ 10%]
tests/test_audit_invariants.py::test_no_mojibake_arrow_in_labels PASSED  [ 10%]
tests/test_audit_invariants.py::test_valid_time_is_exact_offset_from_now[2-7200-now0] PASSED [ 10%]
tests/test_audit_invariants.py::test_valid_time_is_exact_offset_from_now[2-7200-now1] PASSED [ 10%]
tests/test_audit_invariants.py::test_valid_time_is_exact_offset_from_now[2-7200-now2] PASSED [ 11%]
tests/test_audit_invariants.py::test_valid_time_is_exact_offset_from_now[2-7200-now3] PASSED [ 11%]
tests/test_audit_invariants.py::test_valid_time_is_exact_offset_from_now[4-14400-now0] PASSED [ 11%]
tests/test_audit_invariants.py::test_valid_time_is_exact_offset_from_now[4-14400-now1] PASSED [ 12%]
tests/test_audit_invariants.py::test_valid_time_is_exact_offset_from_now[4-14400-now2] PASSED [ 12%]
tests/test_audit_invariants.py::test_valid_time_is_exact_offset_from_now[4-14400-now3] PASSED [ 12%]
tests/test_audit_invariants.py::test_valid_time_is_exact_offset_from_now[6-21600-now0] PASSED [ 12%]
tests/test_audit_invariants.py::test_valid_time_is_exact_offset_from_now[6-21600-now1] PASSED [ 13%]
tests/test_audit_invariants.py::test_valid_time_is_exact_offset_from_now[6-21600-now2] PASSED [ 13%]
tests/test_audit_invariants.py::test_valid_time_is_exact_offset_from_now[6-21600-now3] PASSED [ 13%]
tests/test_audit_invariants.py::test_ist_conversion_is_utc_plus_5_30 PASSED [ 14%]
tests/test_audit_invariants.py::test_live_thermo_never_borrows_historical_values PASSED [ 14%]
tests/test_audit_invariants.py::test_live_thermo_reports_shear_layer_truthfully PASSED [ 14%]
tests/test_audit_invariants.py::test_frontend_does_not_claim_station_anemometer PASSED [ 14%]
tests/test_audit_invariants.py::test_thermo_source_label_is_runtime_bound PASSED [ 15%]
tests/test_audit_invariants.py::test_rainviewer_not_loaded_on_nowcasting_map PASSED [ 15%]
tests/test_audit_invariants.py::test_rainviewer_guarded_to_radar_container PASSED [ 15%]
tests/test_audit_invariants.py::test_no_fabricated_station_or_radar_markers PASSED [ 16%]
tests/test_audit_invariants.py::test_live_location_marker_colour_is_not_a_risk_colour PASSED [ 16%]
tests/test_audit_invariants.py::test_benchmark_horizon_labels_are_dynamically_bound PASSED [ 16%]
tests/test_audit_invariants.py::test_no_dead_benchmark_element_write PASSED [ 16%]
tests/test_audit_invariants.py::test_static_verification_table_keeps_per_horizon_rows PASSED [ 17%]
tests/test_audit_invariants.py::test_no_fabricated_observation_fallbacks PASSED [ 17%]
tests/test_audit_invariants.py::test_rainfall_never_defaults_to_zero PASSED [ 17%]
tests/test_audit_invariants.py::test_legend_bands_match_classifier_thresholds PASSED [ 18%]
tests/test_audit_invariants.py::test_location_meters_bound_to_point_forecast PASSED [ 18%]
tests/test_audit_invariants.py::test_bulletins_and_xai_are_side_by_side PASSED [ 18%]
tests/test_audit_invariants.py::test_now_horizon_paints_no_forecast_surface PASSED [ 18%]
tests/test_audit_invariants.py::test_now_legend_discloses_interpolation PASSED [ 19%]
tests/test_audit_invariants.py::test_now_removes_surface_rather_than_hiding_it PASSED [ 19%]
tests/test_audit_invariants.py::test_refresh_does_not_relabel_now_as_a_forecast PASSED [ 19%]
tests/test_audit_invariants.py::test_forecast_strip_badge_is_owned_by_its_renderer PASSED [ 20%]
tests/test_audit_invariants.py::test_baseline_brier_elements_exist_for_their_writes PASSED [ 20%]
tests/test_audit_invariants.py::test_public_ui_hides_internal_model_version_labels PASSED [ 20%]
tests/test_audit_invariants.py::test_high_risk_area_labelled_state_wide PASSED [ 20%]
tests/test_audit_invariants.py::test_historical_rainfall_is_not_rescaled_by_1000 PASSED [ 21%]
tests/test_audit_invariants.py::test_historical_rainfall_has_no_upper_clip_ceiling PASSED [ 21%]
tests/test_audit_invariants.py::test_era5_surface_t0_initialized_before_use PASSED [ 21%]
tests/test_audit_invariants.py::test_historical_xai_shear_label_matches_the_field_it_reads PASSED [ 22%]
tests/test_audit_invariants.py::test_historical_surface_state_is_physically_plausible[rain_mm] PASSED [ 22%]
tests/test_audit_invariants.py::test_historical_surface_state_is_physically_plausible[temp_c] PASSED [ 22%]
tests/test_audit_invariants.py::test_historical_surface_state_is_physically_plausible[rh_pct] PASSED [ 22%]
tests/test_audit_invariants.py::test_historical_surface_state_is_physically_plausible[wind_kmh] PASSED [ 23%]
tests/test_audit_invariants.py::test_historical_surface_state_is_physically_plausible[pres_hpa] PASSED [ 23%]
tests/test_audit_invariants.py::test_historical_case_has_single_source_of_truth PASSED [ 23%]
tests/test_audit_invariants.py::test_historical_load_failure_does_not_substitute_another_event PASSED [ 24%]
tests/test_audit_invariants.py::test_live_dashboard_painter_refuses_historical_mode PASSED [ 24%]
tests/test_audit_invariants.py::test_historical_now_renders_analysis_not_forecast PASSED [ 24%]
tests/test_audit_invariants.py::test_xai_fetches_are_bound_to_the_selected_horizon PASSED [ 24%]
tests/test_audit_invariants.py::test_radar_scan_time_uses_ist_not_viewer_locale PASSED [ 25%]
tests/test_audit_invariants.py::test_summary_analysis_time_is_mode_scoped PASSED [ 25%]
tests/test_audit_invariants.py::test_historical_map_does_not_label_model_output_as_radar FAILED [ 25%]
tests/test_audit_invariants.py::test_peak_probability_is_labelled_as_a_grid_cell_maximum PASSED [ 26%]
tests/test_audit_invariants.py::test_t0_inputs_are_labelled_as_model_initial_conditions PASSED [ 26%]
tests/test_audit_invariants.py::test_no_fabricated_current_condition_constants PASSED [ 26%]
tests/test_audit_invariants.py::test_current_location_follows_selected_horizon PASSED [ 26%]
tests/test_audit_invariants.py::test_lower_condition_cards_follow_the_selected_horizon PASSED [ 27%]
tests/test_audit_invariants.py::test_unforecast_fields_are_not_carried_into_forecast_horizons FAILED [ 27%]
tests/test_audit_invariants.py::test_historical_radar_panel_does_not_claim_a_radar_product FAILED [ 27%]
tests/test_audit_invariants.py::test_remal_hub_reports_radar_unavailability_without_substitution PASSED [ 28%]
tests/test_browser_e2e.py::test_page_loads_without_javascript_errors PASSED [ 28%]
tests/test_browser_e2e.py::test_map_is_rendered PASSED                   [ 28%]
tests/test_browser_e2e.py::test_search_box_is_gone PASSED                [ 28%]
tests/test_browser_e2e.py::test_grid_toggle_control_is_gone PASSED       [ 29%]
tests/test_browser_e2e.py::test_single_refresh_control PASSED            [ 29%]
tests/test_browser_e2e.py::test_countdown_is_dynamic PASSED              [ 29%]
tests/test_browser_e2e.py::test_manual_refresh_triggers_one_refresh_and_resets_countdown PASSED [ 30%]
tests/test_browser_e2e.py::test_single_historical_case_study_button PASSED [ 30%]
tests/test_browser_e2e.py::test_jump_to_area_is_populated_from_real_data PASSED [ 30%]
tests/test_browser_e2e.py::test_every_jump_to_area_option_moves_the_map PASSED [ 30%]
tests/test_browser_e2e.py::test_dashboard_layout_positions PASSED        [ 31%]
tests/test_browser_e2e.py::test_current_location_panel_is_location_specific PASSED [ 31%]
tests/test_browser_e2e.py::test_public_ui_has_no_internal_terminology PASSED [ 31%]
tests/test_browser_e2e.py::test_public_ui_does_not_expose_threshold_numbers FAILED [ 32%]
tests/test_browser_e2e.py::test_disclaimer_present PASSED                [ 32%]
tests/test_browser_e2e.py::test_forecast_horizons_render_the_risk_field[2] PASSED [ 32%]
tests/test_browser_e2e.py::test_forecast_horizons_render_the_risk_field[4] PASSED [ 32%]
tests/test_browser_e2e.py::test_forecast_horizons_render_the_risk_field[6] PASSED [ 33%]
tests/test_browser_e2e.py::test_now_shows_observations_not_a_forecast_field FAILED [ 33%]
tests/test_browser_e2e.py::test_forecast_input_cards_show_real_varying_values PASSED [ 33%]
tests/test_browser_e2e.py::test_now_mode_never_sends_a_non_numeric_lead PASSED [ 34%]
tests/test_browser_e2e.py::test_no_ai_prediction_dot_markers PASSED      [ 34%]
tests/test_browser_e2e.py::test_ui_horizons_match_the_api_reference_instant PASSED [ 34%]
tests/test_browser_e2e.py::test_valid_wb_click_never_reports_outside_domain[Kolkata-22.5726-88.3639] PASSED [ 34%]
tests/test_browser_e2e.py::test_valid_wb_click_never_reports_outside_domain[Darjeeling-27.036-88.2627] PASSED [ 35%]
tests/test_browser_e2e.py::test_valid_wb_click_never_reports_outside_domain[Purulia-23.332-86.365] PASSED [ 35%]
tests/test_browser_e2e.py::test_valid_wb_click_never_reports_outside_domain[Alipurduar-26.4835-89.527] PASSED [ 35%]
tests/test_browser_e2e.py::test_valid_wb_click_never_reports_outside_domain[Digha-21.627-87.509] PASSED [ 36%]
tests/test_browser_e2e.py::test_sidebar_section_renders_meaningful_content[dashboard] PASSED [ 36%]
tests/test_browser_e2e.py::test_sidebar_section_renders_meaningful_content[radar] PASSED [ 36%]
tests/test_browser_e2e.py::test_sidebar_section_renders_meaningful_content[advisories] PASSED [ 36%]
tests/test_browser_e2e.py::test_sidebar_section_renders_meaningful_content[wrf] PASSED [ 37%]
tests/test_browser_e2e.py::test_sidebar_section_renders_meaningful_content[xai] PASSED [ 37%]
tests/test_browser_e2e.py::test_sidebar_section_renders_meaningful_content[gis] PASSED [ 37%]
tests/test_browser_e2e.py::test_sidebar_section_renders_meaningful_content[threshold] PASSED [ 38%]
tests/test_browser_e2e.py::test_sidebar_section_renders_meaningful_content[streams] PASSED [ 38%]
tests/test_browser_e2e.py::test_navigation_between_sections_preserves_state PASSED [ 38%]
tests/test_exact_wall_clock.py::test_horizon_is_exactly_n_hours_after_now[2-7200-2026-09-11T13:06:10.449910+00:00] PASSED [ 38%]
tests/test_exact_wall_clock.py::test_horizon_is_exactly_n_hours_after_now[2-7200-2026-09-11T12:47:31+00:00] PASSED [ 39%]
tests/test_exact_wall_clock.py::test_horizon_is_exactly_n_hours_after_now[2-7200-2026-09-11T17:11:23+05:30] PASSED [ 39%]
tests/test_exact_wall_clock.py::test_horizon_is_exactly_n_hours_after_now[2-7200-2026-09-11T20:15:45.123456+00:00] PASSED [ 39%]
tests/test_exact_wall_clock.py::test_horizon_is_exactly_n_hours_after_now[2-7200-2026-09-11T23:59:59+00:00] PASSED [ 40%]
tests/test_exact_wall_clock.py::test_horizon_is_exactly_n_hours_after_now[2-7200-2026-12-31T22:30:00+00:00] PASSED [ 40%]
tests/test_exact_wall_clock.py::test_horizon_is_exactly_n_hours_after_now[2-7200-2026-02-28T23:45:12+00:00] PASSED [ 40%]
tests/test_exact_wall_clock.py::test_horizon_is_exactly_n_hours_after_now[4-14400-2026-09-11T13:06:10.449910+00:00] PASSED [ 40%]
tests/test_exact_wall_clock.py::test_horizon_is_exactly_n_hours_after_now[4-14400-2026-09-11T12:47:31+00:00] PASSED [ 41%]
tests/test_exact_wall_clock.py::test_horizon_is_exactly_n_hours_after_now[4-14400-2026-09-11T17:11:23+05:30] PASSED [ 41%]
tests/test_exact_wall_clock.py::test_horizon_is_exactly_n_hours_after_now[4-14400-2026-09-11T20:15:45.123456+00:00] PASSED [ 41%]
tests/test_exact_wall_clock.py::test_horizon_is_exactly_n_hours_after_now[4-14400-2026-09-11T23:59:59+00:00] PASSED [ 42%]
tests/test_exact_wall_clock.py::test_horizon_is_exactly_n_hours_after_now[4-14400-2026-12-31T22:30:00+00:00] PASSED [ 42%]
tests/test_exact_wall_clock.py::test_horizon_is_exactly_n_hours_after_now[4-14400-2026-02-28T23:45:12+00:00] PASSED [ 42%]
tests/test_exact_wall_clock.py::test_horizon_is_exactly_n_hours_after_now[6-21600-2026-09-11T13:06:10.449910+00:00] PASSED [ 42%]
tests/test_exact_wall_clock.py::test_horizon_is_exactly_n_hours_after_now[6-21600-2026-09-11T12:47:31+00:00] PASSED [ 43%]
tests/test_exact_wall_clock.py::test_horizon_is_exactly_n_hours_after_now[6-21600-2026-09-11T17:11:23+05:30] PASSED [ 43%]
tests/test_exact_wall_clock.py::test_horizon_is_exactly_n_hours_after_now[6-21600-2026-09-11T20:15:45.123456+00:00] PASSED [ 43%]
tests/test_exact_wall_clock.py::test_horizon_is_exactly_n_hours_after_now[6-21600-2026-09-11T23:59:59+00:00] PASSED [ 44%]
tests/test_exact_wall_clock.py::test_horizon_is_exactly_n_hours_after_now[6-21600-2026-12-31T22:30:00+00:00] PASSED [ 44%]
tests/test_exact_wall_clock.py::test_horizon_is_exactly_n_hours_after_now[6-21600-2026-02-28T23:45:12+00:00] PASSED [ 44%]
tests/test_exact_wall_clock.py::test_sub_hour_precision_is_preserved_not_floored[2-2026-09-11T13:06:10.449910+00:00] PASSED [ 44%]
tests/test_exact_wall_clock.py::test_sub_hour_precision_is_preserved_not_floored[2-2026-09-11T12:47:31+00:00] PASSED [ 45%]
tests/test_exact_wall_clock.py::test_sub_hour_precision_is_preserved_not_floored[2-2026-09-11T17:11:23+05:30] PASSED [ 45%]
tests/test_exact_wall_clock.py::test_sub_hour_precision_is_preserved_not_floored[2-2026-09-11T20:15:45.123456+00:00] PASSED [ 45%]
tests/test_exact_wall_clock.py::test_sub_hour_precision_is_preserved_not_floored[2-2026-09-11T23:59:59+00:00] PASSED [ 46%]
tests/test_exact_wall_clock.py::test_sub_hour_precision_is_preserved_not_floored[2-2026-12-31T22:30:00+00:00] PASSED [ 46%]
tests/test_exact_wall_clock.py::test_sub_hour_precision_is_preserved_not_floored[2-2026-02-28T23:45:12+00:00] PASSED [ 46%]
tests/test_exact_wall_clock.py::test_sub_hour_precision_is_preserved_not_floored[4-2026-09-11T13:06:10.449910+00:00] PASSED [ 46%]
tests/test_exact_wall_clock.py::test_sub_hour_precision_is_preserved_not_floored[4-2026-09-11T12:47:31+00:00] PASSED [ 47%]
tests/test_exact_wall_clock.py::test_sub_hour_precision_is_preserved_not_floored[4-2026-09-11T17:11:23+05:30] PASSED [ 47%]
tests/test_exact_wall_clock.py::test_sub_hour_precision_is_preserved_not_floored[4-2026-09-11T20:15:45.123456+00:00] PASSED [ 47%]
tests/test_exact_wall_clock.py::test_sub_hour_precision_is_preserved_not_floored[4-2026-09-11T23:59:59+00:00] PASSED [ 48%]
tests/test_exact_wall_clock.py::test_sub_hour_precision_is_preserved_not_floored[4-2026-12-31T22:30:00+00:00] PASSED [ 48%]
tests/test_exact_wall_clock.py::test_sub_hour_precision_is_preserved_not_floored[4-2026-02-28T23:45:12+00:00] PASSED [ 48%]
tests/test_exact_wall_clock.py::test_sub_hour_precision_is_preserved_not_floored[6-2026-09-11T13:06:10.449910+00:00] PASSED [ 48%]
tests/test_exact_wall_clock.py::test_sub_hour_precision_is_preserved_not_floored[6-2026-09-11T12:47:31+00:00] PASSED [ 49%]
tests/test_exact_wall_clock.py::test_sub_hour_precision_is_preserved_not_floored[6-2026-09-11T17:11:23+05:30] PASSED [ 49%]
tests/test_exact_wall_clock.py::test_sub_hour_precision_is_preserved_not_floored[6-2026-09-11T20:15:45.123456+00:00] PASSED [ 49%]
tests/test_exact_wall_clock.py::test_sub_hour_precision_is_preserved_not_floored[6-2026-09-11T23:59:59+00:00] PASSED [ 50%]
tests/test_exact_wall_clock.py::test_sub_hour_precision_is_preserved_not_floored[6-2026-12-31T22:30:00+00:00] PASSED [ 50%]
tests/test_exact_wall_clock.py::test_sub_hour_precision_is_preserved_not_floored[6-2026-02-28T23:45:12+00:00] PASSED [ 50%]
tests/test_exact_wall_clock.py::test_specified_acceptance_instant_exactly PASSED [ 50%]
tests/test_exact_wall_clock.py::test_ist_example_from_specification PASSED [ 51%]
tests/test_exact_wall_clock.py::test_midnight_rollover_at_plus_six PASSED [ 51%]
tests/test_exact_wall_clock.py::test_timezone_conversion_to_ist_preserves_the_instant PASSED [ 51%]
tests/test_exact_wall_clock.py::test_horizons_are_mutually_consistent PASSED [ 52%]
tests/test_exact_wall_clock.py::test_a_floored_reference_would_fail_these_assertions PASSED [ 52%]
tests/test_geo_mask.py::test_all_23_districts_inside_boundary PASSED     [ 52%]
tests/test_geo_mask.py::test_neighbouring_regions_excluded PASSED        [ 52%]
tests/test_geo_mask.py::test_every_district_has_mask_coverage PASSED     [ 53%]
tests/test_geo_mask.py::test_no_forecast_pixels_outside_west_bengal PASSED [ 53%]
tests/test_geo_mask.py::test_forecast_surface_covers_state_interior PASSED [ 53%]
tests/test_map_domain.py::test_every_region_is_represented PASSED        [ 54%]
tests/test_map_domain.py::test_valid_west_bengal_point_is_accepted[Kolkata-22.5726-88.3639-south] PASSED [ 54%]
tests/test_map_domain.py::test_valid_west_bengal_point_is_accepted[Howrah-22.5958-88.2636-south] PASSED [ 54%]
tests/test_map_domain.py::test_valid_west_bengal_point_is_accepted[Digha-21.627-87.509-south] PASSED [ 54%]
tests/test_map_domain.py::test_valid_west_bengal_point_is_accepted[Bardhaman-23.2324-87.8615-central] PASSED [ 55%]
tests/test_map_domain.py::test_valid_west_bengal_point_is_accepted[Krishnanagar-23.4058-88.4917-central] PASSED [ 55%]
tests/test_map_domain.py::test_valid_west_bengal_point_is_accepted[Berhampore-24.1024-88.2518-central] PASSED [ 55%]
tests/test_map_domain.py::test_valid_west_bengal_point_is_accepted[Malda-25.0119-88.1433-north] PASSED [ 56%]
tests/test_map_domain.py::test_valid_west_bengal_point_is_accepted[Siliguri-26.7271-88.3953-north] PASSED [ 56%]
tests/test_map_domain.py::test_valid_west_bengal_point_is_accepted[Darjeeling-27.036-88.2627-north] PASSED [ 56%]
tests/test_map_domain.py::test_valid_west_bengal_point_is_accepted[Jalpaiguri-26.5435-88.719-north] PASSED [ 56%]
tests/test_map_domain.py::test_valid_west_bengal_point_is_accepted[Alipurduar-26.4835-89.527-east] PASSED [ 57%]
tests/test_map_domain.py::test_valid_west_bengal_point_is_accepted[Cooch Behar-26.3242-89.4482-east] PASSED [ 57%]
tests/test_map_domain.py::test_valid_west_bengal_point_is_accepted[Basirhat-22.657-88.864-east] PASSED [ 57%]
tests/test_map_domain.py::test_valid_west_bengal_point_is_accepted[Bangaon-23.069-88.829-east] PASSED [ 58%]
tests/test_map_domain.py::test_valid_west_bengal_point_is_accepted[Purulia-23.332-86.365-west] PASSED [ 58%]
tests/test_map_domain.py::test_valid_west_bengal_point_is_accepted[Bankura-23.2324-87.075-west] PASSED [ 58%]
tests/test_map_domain.py::test_valid_west_bengal_point_is_accepted[Jhargram-22.45-86.997-west] PASSED [ 58%]
tests/test_map_domain.py::test_valid_west_bengal_point_is_accepted[Asansol-23.685-86.97-west] PASSED [ 59%]
tests/test_map_domain.py::test_valid_point_maps_to_a_sane_grid_cell[Kolkata-22.5726-88.3639-south] PASSED [ 59%]
tests/test_map_domain.py::test_valid_point_maps_to_a_sane_grid_cell[Howrah-22.5958-88.2636-south] PASSED [ 59%]
tests/test_map_domain.py::test_valid_point_maps_to_a_sane_grid_cell[Digha-21.627-87.509-south] PASSED [ 60%]
tests/test_map_domain.py::test_valid_point_maps_to_a_sane_grid_cell[Bardhaman-23.2324-87.8615-central] PASSED [ 60%]
tests/test_map_domain.py::test_valid_point_maps_to_a_sane_grid_cell[Krishnanagar-23.4058-88.4917-central] PASSED [ 60%]
tests/test_map_domain.py::test_valid_point_maps_to_a_sane_grid_cell[Berhampore-24.1024-88.2518-central] PASSED [ 60%]
tests/test_map_domain.py::test_valid_point_maps_to_a_sane_grid_cell[Malda-25.0119-88.1433-north] PASSED [ 61%]
tests/test_map_domain.py::test_valid_point_maps_to_a_sane_grid_cell[Siliguri-26.7271-88.3953-north] PASSED [ 61%]
tests/test_map_domain.py::test_valid_point_maps_to_a_sane_grid_cell[Darjeeling-27.036-88.2627-north] PASSED [ 61%]
tests/test_map_domain.py::test_valid_point_maps_to_a_sane_grid_cell[Jalpaiguri-26.5435-88.719-north] PASSED [ 62%]
tests/test_map_domain.py::test_valid_point_maps_to_a_sane_grid_cell[Alipurduar-26.4835-89.527-east] PASSED [ 62%]
tests/test_map_domain.py::test_valid_point_maps_to_a_sane_grid_cell[Cooch Behar-26.3242-89.4482-east] PASSED [ 62%]
tests/test_map_domain.py::test_valid_point_maps_to_a_sane_grid_cell[Basirhat-22.657-88.864-east] PASSED [ 62%]
tests/test_map_domain.py::test_valid_point_maps_to_a_sane_grid_cell[Bangaon-23.069-88.829-east] PASSED [ 63%]
tests/test_map_domain.py::test_valid_point_maps_to_a_sane_grid_cell[Purulia-23.332-86.365-west] PASSED [ 63%]
tests/test_map_domain.py::test_valid_point_maps_to_a_sane_grid_cell[Bankura-23.2324-87.075-west] PASSED [ 63%]
tests/test_map_domain.py::test_valid_point_maps_to_a_sane_grid_cell[Jhargram-22.45-86.997-west] PASSED [ 64%]
tests/test_map_domain.py::test_valid_point_maps_to_a_sane_grid_cell[Asansol-23.685-86.97-west] PASSED [ 64%]
tests/test_map_domain.py::test_forecast_values_are_real_numbers_at_every_horizon[2-Kolkata-22.5726-88.3639-south] PASSED [ 64%]
tests/test_map_domain.py::test_forecast_values_are_real_numbers_at_every_horizon[2-Howrah-22.5958-88.2636-south] PASSED [ 64%]
tests/test_map_domain.py::test_forecast_values_are_real_numbers_at_every_horizon[2-Digha-21.627-87.509-south] PASSED [ 65%]
tests/test_map_domain.py::test_forecast_values_are_real_numbers_at_every_horizon[2-Bardhaman-23.2324-87.8615-central] PASSED [ 65%]
tests/test_map_domain.py::test_forecast_values_are_real_numbers_at_every_horizon[2-Krishnanagar-23.4058-88.4917-central] PASSED [ 65%]
tests/test_map_domain.py::test_forecast_values_are_real_numbers_at_every_horizon[2-Berhampore-24.1024-88.2518-central] PASSED [ 66%]
tests/test_map_domain.py::test_forecast_values_are_real_numbers_at_every_horizon[2-Malda-25.0119-88.1433-north] PASSED [ 66%]
tests/test_map_domain.py::test_forecast_values_are_real_numbers_at_every_horizon[2-Siliguri-26.7271-88.3953-north] PASSED [ 66%]
tests/test_map_domain.py::test_forecast_values_are_real_numbers_at_every_horizon[2-Darjeeling-27.036-88.2627-north] PASSED [ 66%]
tests/test_map_domain.py::test_forecast_values_are_real_numbers_at_every_horizon[2-Jalpaiguri-26.5435-88.719-north] PASSED [ 67%]
tests/test_map_domain.py::test_forecast_values_are_real_numbers_at_every_horizon[2-Alipurduar-26.4835-89.527-east] PASSED [ 67%]
tests/test_map_domain.py::test_forecast_values_are_real_numbers_at_every_horizon[2-Cooch Behar-26.3242-89.4482-east] PASSED [ 67%]
tests/test_map_domain.py::test_forecast_values_are_real_numbers_at_every_horizon[2-Basirhat-22.657-88.864-east] PASSED [ 68%]
tests/test_map_domain.py::test_forecast_values_are_real_numbers_at_every_horizon[2-Bangaon-23.069-88.829-east] PASSED [ 68%]
tests/test_map_domain.py::test_forecast_values_are_real_numbers_at_every_horizon[2-Purulia-23.332-86.365-west] PASSED [ 68%]
tests/test_map_domain.py::test_forecast_values_are_real_numbers_at_every_horizon[2-Bankura-23.2324-87.075-west] PASSED [ 68%]
tests/test_map_domain.py::test_forecast_values_are_real_numbers_at_every_horizon[2-Jhargram-22.45-86.997-west] PASSED [ 69%]
tests/test_map_domain.py::test_forecast_values_are_real_numbers_at_every_horizon[2-Asansol-23.685-86.97-west] PASSED [ 69%]
tests/test_map_domain.py::test_forecast_values_are_real_numbers_at_every_horizon[4-Kolkata-22.5726-88.3639-south] PASSED [ 69%]
tests/test_map_domain.py::test_forecast_values_are_real_numbers_at_every_horizon[4-Howrah-22.5958-88.2636-south] PASSED [ 70%]
tests/test_map_domain.py::test_forecast_values_are_real_numbers_at_every_horizon[4-Digha-21.627-87.509-south] PASSED [ 70%]
tests/test_map_domain.py::test_forecast_values_are_real_numbers_at_every_horizon[4-Bardhaman-23.2324-87.8615-central] PASSED [ 70%]
tests/test_map_domain.py::test_forecast_values_are_real_numbers_at_every_horizon[4-Krishnanagar-23.4058-88.4917-central] PASSED [ 70%]
tests/test_map_domain.py::test_forecast_values_are_real_numbers_at_every_horizon[4-Berhampore-24.1024-88.2518-central] PASSED [ 71%]
tests/test_map_domain.py::test_forecast_values_are_real_numbers_at_every_horizon[4-Malda-25.0119-88.1433-north] PASSED [ 71%]
tests/test_map_domain.py::test_forecast_values_are_real_numbers_at_every_horizon[4-Siliguri-26.7271-88.3953-north] PASSED [ 71%]
tests/test_map_domain.py::test_forecast_values_are_real_numbers_at_every_horizon[4-Darjeeling-27.036-88.2627-north] PASSED [ 72%]
tests/test_map_domain.py::test_forecast_values_are_real_numbers_at_every_horizon[4-Jalpaiguri-26.5435-88.719-north] PASSED [ 72%]
tests/test_map_domain.py::test_forecast_values_are_real_numbers_at_every_horizon[4-Alipurduar-26.4835-89.527-east] PASSED [ 72%]
tests/test_map_domain.py::test_forecast_values_are_real_numbers_at_every_horizon[4-Cooch Behar-26.3242-89.4482-east] PASSED [ 72%]
tests/test_map_domain.py::test_forecast_values_are_real_numbers_at_every_horizon[4-Basirhat-22.657-88.864-east] PASSED [ 73%]
tests/test_map_domain.py::test_forecast_values_are_real_numbers_at_every_horizon[4-Bangaon-23.069-88.829-east] PASSED [ 73%]
tests/test_map_domain.py::test_forecast_values_are_real_numbers_at_every_horizon[4-Purulia-23.332-86.365-west] PASSED [ 73%]
tests/test_map_domain.py::test_forecast_values_are_real_numbers_at_every_horizon[4-Bankura-23.2324-87.075-west] PASSED [ 74%]
tests/test_map_domain.py::test_forecast_values_are_real_numbers_at_every_horizon[4-Jhargram-22.45-86.997-west] PASSED [ 74%]
tests/test_map_domain.py::test_forecast_values_are_real_numbers_at_every_horizon[4-Asansol-23.685-86.97-west] PASSED [ 74%]
tests/test_map_domain.py::test_forecast_values_are_real_numbers_at_every_horizon[6-Kolkata-22.5726-88.3639-south] PASSED [ 74%]
tests/test_map_domain.py::test_forecast_values_are_real_numbers_at_every_horizon[6-Howrah-22.5958-88.2636-south] PASSED [ 75%]
tests/test_map_domain.py::test_forecast_values_are_real_numbers_at_every_horizon[6-Digha-21.627-87.509-south] PASSED [ 75%]
tests/test_map_domain.py::test_forecast_values_are_real_numbers_at_every_horizon[6-Bardhaman-23.2324-87.8615-central] PASSED [ 75%]
tests/test_map_domain.py::test_forecast_values_are_real_numbers_at_every_horizon[6-Krishnanagar-23.4058-88.4917-central] PASSED [ 76%]
tests/test_map_domain.py::test_forecast_values_are_real_numbers_at_every_horizon[6-Berhampore-24.1024-88.2518-central] PASSED [ 76%]
tests/test_map_domain.py::test_forecast_values_are_real_numbers_at_every_horizon[6-Malda-25.0119-88.1433-north] PASSED [ 76%]
tests/test_map_domain.py::test_forecast_values_are_real_numbers_at_every_horizon[6-Siliguri-26.7271-88.3953-north] PASSED [ 76%]
tests/test_map_domain.py::test_forecast_values_are_real_numbers_at_every_horizon[6-Darjeeling-27.036-88.2627-north] PASSED [ 77%]
tests/test_map_domain.py::test_forecast_values_are_real_numbers_at_every_horizon[6-Jalpaiguri-26.5435-88.719-north] PASSED [ 77%]
tests/test_map_domain.py::test_forecast_values_are_real_numbers_at_every_horizon[6-Alipurduar-26.4835-89.527-east] PASSED [ 77%]
tests/test_map_domain.py::test_forecast_values_are_real_numbers_at_every_horizon[6-Cooch Behar-26.3242-89.4482-east] PASSED [ 78%]
tests/test_map_domain.py::test_forecast_values_are_real_numbers_at_every_horizon[6-Basirhat-22.657-88.864-east] PASSED [ 78%]
tests/test_map_domain.py::test_forecast_values_are_real_numbers_at_every_horizon[6-Bangaon-23.069-88.829-east] PASSED [ 78%]
tests/test_map_domain.py::test_forecast_values_are_real_numbers_at_every_horizon[6-Purulia-23.332-86.365-west] PASSED [ 78%]
tests/test_map_domain.py::test_forecast_values_are_real_numbers_at_every_horizon[6-Bankura-23.2324-87.075-west] PASSED [ 79%]
tests/test_map_domain.py::test_forecast_values_are_real_numbers_at_every_horizon[6-Jhargram-22.45-86.997-west] PASSED [ 79%]
tests/test_map_domain.py::test_forecast_values_are_real_numbers_at_every_horizon[6-Asansol-23.685-86.97-west] PASSED [ 79%]
tests/test_map_domain.py::test_genuinely_outside_point_is_rejected_honestly[Patna, Bihar-25.5941-85.1376] PASSED [ 80%]
tests/test_map_domain.py::test_genuinely_outside_point_is_rejected_honestly[Dhaka, Bangladesh-23.8103-90.4125] PASSED [ 80%]
tests/test_map_domain.py::test_genuinely_outside_point_is_rejected_honestly[Kathmandu, Nepal-27.7172-85.324] PASSED [ 80%]
tests/test_map_domain.py::test_genuinely_outside_point_is_rejected_honestly[Bay of Bengal-20.0-88.0] PASSED [ 80%]
tests/test_map_domain.py::test_latitude_ordering_and_domain_metadata_are_consistent PASSED [ 81%]
tests/test_map_domain.py::test_lat_lon_are_not_swapped PASSED            [ 81%]
tests/test_observation_surface.py::test_sampling_sites_lie_inside_the_domain PASSED [ 81%]
tests/test_observation_surface.py::test_sampling_sites_are_distinct PASSED [ 82%]
tests/test_observation_surface.py::test_enough_sites_for_a_defensible_field PASSED [ 82%]
tests/test_observation_surface.py::test_missing_values_are_dropped_not_zero_filled PASSED [ 82%]
tests/test_observation_surface.py::test_pixels_far_from_every_station_are_not_invented PASSED [ 82%]
tests/test_observation_surface.py::test_no_stations_yields_empty_field PASSED [ 83%]
tests/test_observation_surface.py::test_interpolation_reproduces_station_values PASSED [ 83%]
tests/test_observation_surface.py::test_interpolated_values_stay_within_observed_range PASSED [ 83%]
tests/test_observation_surface.py::test_summary_declares_interpolation_and_non_forecast PASSED [ 84%]
tests/test_observation_surface.py::test_summary_reports_real_observation_times PASSED [ 84%]
tests/test_observation_surface.py::test_png_renders_without_numeric_warnings PASSED [ 84%]
tests/test_observation_surface.py::test_png_is_transparent_outside_coverage PASSED [ 84%]
tests/test_observation_surface.py::test_rendered_surface_uses_a_non_risk_palette FAILED [ 85%]
tests/test_observation_surface.py::test_unsupported_variable_is_rejected PASSED [ 85%]
tests/test_observation_surface.py::test_only_observed_variables_are_renderable PASSED [ 85%]
tests/test_observation_surface.py::test_parse_owm_uses_provider_resolved_coordinates PASSED [ 86%]
tests/test_observation_surface.py::test_parse_owm_absent_rain_block_means_zero_rain PASSED [ 86%]
tests/test_observation_surface.py::test_parse_owm_missing_fields_stay_none PASSED [ 86%]
tests/test_observation_surface.py::test_forecast_valid_times_are_exact_offsets[now0-2-7200] PASSED [ 86%]
tests/test_observation_surface.py::test_forecast_valid_times_are_exact_offsets[now0-4-14400] PASSED [ 87%]
tests/test_observation_surface.py::test_forecast_valid_times_are_exact_offsets[now0-6-21600] PASSED [ 87%]
tests/test_observation_surface.py::test_forecast_valid_times_are_exact_offsets[now1-2-7200] PASSED [ 87%]
tests/test_observation_surface.py::test_forecast_valid_times_are_exact_offsets[now1-4-14400] PASSED [ 88%]
tests/test_observation_surface.py::test_forecast_valid_times_are_exact_offsets[now1-6-21600] PASSED [ 88%]
tests/test_observation_surface.py::test_forecast_valid_times_are_exact_offsets[now2-2-7200] PASSED [ 88%]
tests/test_observation_surface.py::test_forecast_valid_times_are_exact_offsets[now2-4-14400] PASSED [ 88%]
tests/test_observation_surface.py::test_forecast_valid_times_are_exact_offsets[now2-6-21600] PASSED [ 89%]
tests/test_observation_surface.py::test_ist_offset_is_exactly_5_30 PASSED [ 89%]
tests/test_remal_historical.py::test_remal_historical PASSED             [ 89%]
tests/test_smoke.py::TestConfig::test_load PASSED                        [ 90%]
tests/test_smoke.py::TestConfig::test_path_resolution PASSED             [ 90%]
tests/test_smoke.py::TestConfig::test_lead_times PASSED                  [ 90%]
tests/test_smoke.py::TestNormalization::test_fit_on_tiny_array PASSED    [ 90%]
tests/test_smoke.py::TestNormalization::test_save_load_roundtrip PASSED  [ 91%]
tests/test_smoke.py::TestWindowing::test_build_windows PASSED            [ 91%]
tests/test_smoke.py::TestWindowing::test_no_leakage PASSED               [ 91%]
tests/test_smoke.py::TestWindowing::test_split_summary PASSED            [ 92%]
tests/test_smoke.py::TestDatasetMemory::test_memmap_is_used PASSED       [ 92%]
tests/test_smoke.py::TestModelForward::test_severe_weather_net PASSED    [ 92%]
tests/test_smoke.py::TestModelForward::test_parameter_count PASSED       [ 92%]
tests/test_smoke.py::TestModelForward::test_logistic_baseline PASSED     [ 93%]
tests/test_smoke.py::TestModelForward::test_persistence_baseline PASSED  [ 93%]
tests/test_smoke.py::TestLoss::test_multitask_loss_forward PASSED        [ 93%]
tests/test_smoke.py::TestLoss::test_backward_pass PASSED                 [ 94%]
tests/test_smoke.py::TestLoss::test_focal_loss PASSED                    [ 94%]
tests/test_smoke.py::TestLoss::test_checkpoint_save_load PASSED          [ 94%]
tests/test_smoke.py::TestMetrics::test_classification_metrics_perfect PASSED [ 94%]
tests/test_smoke.py::TestMetrics::test_classification_metrics_all_zero_pred PASSED [ 95%]
tests/test_smoke.py::TestMetrics::test_regression_metrics PASSED         [ 95%]
tests/test_smoke.py::TestMetrics::test_per_lead_time PASSED              [ 95%]
tests/test_smoke.py::TestRiskMap::test_geojson_structure PASSED          [ 96%]
tests/test_smoke.py::TestRiskMap::test_all_leads_geojson PASSED          [ 96%]
tests/test_smoke.py::TestRiskMap::test_save_geojson PASSED               [ 96%]
tests/test_smoke.py::TestRiskMap::test_summary PASSED                    [ 96%]
tests/test_smoke.py::TestMiniTraining::test_two_training_steps PASSED    [ 97%]
tests/test_smoke.py::TestV2Components::test_v2_model_forward_and_loss PASSED [ 97%]
tests/test_temporal_leakage.py::test_only_analysis_forecast_hour_zero_is_ever_requested PASSED [ 97%]
tests/test_temporal_leakage.py::test_no_unpublished_future_cycle_is_requested PASSED [ 98%]
tests/test_temporal_leakage.py::test_backtest_at_past_instant_cannot_see_later_cycles PASSED [ 98%]
tests/test_temporal_leakage.py::test_cycle_availability_boundary[2026-09-11T13:06:10+00:00-2026-09-11T06:00:00+00:00] PASSED [ 98%]
tests/test_temporal_leakage.py::test_cycle_availability_boundary[2026-09-11T17:30:00+00:00-2026-09-11T12:00:00+00:00] PASSED [ 98%]
tests/test_temporal_leakage.py::test_cycle_availability_boundary[2026-09-11T17:00:00+00:00-2026-09-11T12:00:00+00:00] PASSED [ 99%]
tests/test_temporal_leakage.py::test_cycle_availability_boundary[2026-09-11T16:59:59+00:00-2026-09-11T06:00:00+00:00] PASSED [ 99%]
tests/test_temporal_leakage.py::test_cycle_availability_boundary[2026-09-12T00:30:00+00:00-2026-09-11T18:00:00+00:00] PASSED [ 99%]
tests/test_temporal_leakage.py::test_input_slots_are_hourly_and_end_at_the_analysis_time PASSED [100%]

================================== FAILURES ===================================
__________ test_historical_map_does_not_label_model_output_as_radar ___________

    def test_historical_map_does_not_label_model_output_as_radar():
        """StormSense holds no archived Remal radar; model output must not be
        presented as a radar archive."""
        js = _strip_js_comments(_read(APP_JS))
        assert "CYCLONE REMAL RADAR ARCHIVE" not in js, (
            "The historical spatial field is the StormSense model forecast, not "
            "archived radar imagery."
        )
>       assert "STORMSENSE MODEL FORECAST" in js
E       assert 'STORMSENSE MODEL FORECAST' in '\n(function () {\n  "use strict";\n\n  var viewIds = ["dashboard", "radar", "advisories", "wrf", "xai", "gis", "threshold", "streams"];\n  var API_BASE = (window.location.port === "8000" || window.location.origin.indexOf(":8000") !== -1) ? "" : "http://127.0.0.1:8000";\n\n  function detectInitialMode() {\n    try {\n      var params = new URLSearchParams(window.location.search);\n      return params.get("mode") === "historical" ? "historical" : "live";\n    } catch (e) {\n      return "live";\n    }\n  }\n\n  window.stormSenseMode = detectInitialMode();\n  window.currentLeadHours = 2;\n  window.currentBenchmarkLead = 2;\n  window.mapDomainMode = "wb"; // \'wb\' or \'full\'\n\n  window.StormSenseCurrentObs = null;\n  window.StormSenseNowcastData = null;\n  window.StormSenseDistrictsData = null;\n  window.StormSenseRiskMapData = null;\n  window.StormSenseThermoData = null;\n  window.StormSenseXaiData = null;\n  window.StormSenseBoundariesData = null;\n  window.StormSenseStateBoundaryData = null;\n  window.StormSenseBenchmarkData = null;\n  window.StormSenseHighRiskCells = null;\n  window.StormSenseLiveSurface = null;\n  window.StormSenseDataHealth = null;\n\n\n\n\n\n\n  var LIVE_R...ualRefreshInFlight = false;\n\n  window.manualRefresh = function () {\n    if (manualRefreshInFlight) return Promise.resolve();\n    manualRefreshInFlight = true;\n\n    var btn = document.getElementById("btn-manual-refresh");\n    var icon = document.getElementById("manual-refresh-icon");\n    if (btn) btn.disabled = true;\n    if (icon) icon.classList.add("animate-spin");\n\n    function done() {\n      manualRefreshInFlight = false;\n      if (btn) btn.disabled = false;\n      if (icon) icon.classList.remove("animate-spin");\n\n      resetRefreshCountdown();\n    }\n\n    if (window.stormSenseMode !== "live") {\n\n\n      return window.setForecastHorizon(null, null, apiLeadHours())\n        .then(done)\n        .catch(done);\n    }\n\n    return fetch(API_BASE + "/api/live/refresh", { method: "POST" })\n      .then(parseJson)\n      .catch(function (e) {\n        console.warn("Backend live refresh failed:", e);\n        return null;\n      })\n      .then(function () {\n        return window.refreshLiveDashboard(true);\n      })\n      .then(done)\n      .catch(function (e) {\n        console.warn("Manual refresh failed:", e);\n        done();\n      });\n  };\n})();\n\n\n\n\n'

tests\test_audit_invariants.py:757: AssertionError
________ test_unforecast_fields_are_not_carried_into_forecast_horizons ________

    def test_unforecast_fields_are_not_carried_into_forecast_horizons():
        """The model predicts only severe probability and 3 h rain.
    
        Temperature/humidity/wind exist only at t=0, so at a forecast horizon they
        must read as not-forecast rather than silently repeating the analysis state
        under a "+4h" label.
        """
        js = _strip_js_comments(_read(APP_JS))
        i = js.index("function paintHorizonConditions(")
        body = js[i:i + 3000]
>       assert "Not forecast by the model" in body
E       assert 'Not forecast by the model' in 'function paintHorizonConditions() {\n    var lead = window.currentLeadHours;\n    var isNow = (lead === "now" || lead === 0 || lead == null);\n    var isHist = (window.stormSenseMode === "historical");\n\n    if (isNow) return false;\n\n    var point = window.StormSenseUserPoint;\n    var summary = window.StormSenseNowcastData;\n\n\n\n    var rainMm = null, isPointLocal = false;\n    if (point && point.predictions && point.predictions.heavy_rain_mm != null) {\n      rainMm = Number(point.predictions.heavy_rain_mm);\n      isPointLocal = true;\n    } else if (summary && summary.hazards && summary.hazards.heavy_rainfall\n               && summary.hazards.heavy_rainfall.rate_mm_3h != null) {\n      rainMm = Number(summary.hazards.heavy_rainfall.rate_mm_3h);\n    }\n\n    var validIso = (point && point.forecast_valid_utc)\n      || (summary && summary.forecast_valid_time) || null;\n\n    setText("location-obs-title",\n      (isHist ? "Historical Model Conditions · +" : "Forecast Conditions · +") + lead + "h");\n    setText("location-obs-age", validIso ? ("valid " + validIso) : ("+" + lead + "h forecast"));\n\n    var head = document.getElementById("location-obs-heading");\n    if (h...t("bind-temp", hl.temperature_c != null ? Number(hl.temperature_c).toFixed(1) + "°C" : "—");\n        setText("bind-humidity", hl.humidity_pct != null ? hl.humidity_pct + "%" : "—");\n        setText("bind-wind", hl.wind_speed_kmh != null ? Number(hl.wind_speed_kmh).toFixed(1) + " km/h" : "—");\n        var hsrc = "ERA5 observed · +" + lead + "h";\n        setText("bind-temp-source", hsrc);\n        setText("bind-humidity-source", hsrc);\n        setText("bind-wind-source", hsrc);\n      } else {\n        ["bind-temp", "bind-humidity", "bind-wind"].forEach(function (id) {\n          setText(id, "—");\n        });\n        ["bind-temp-source", "bind-humidity-source", "bind-wind-source"].forEach(function (id) {\n          setText(id, "Observed state unavailable at this horizon");\n        });\n      }\n      return true;\n    }\n\n    var loc = window.StormSenseUserLocation || {};\n    var qlat = (loc.lat != null) ? loc.lat : 22.5726;\n    var qlon = (loc.lon != null) ? loc.lon : 88.3639;\n\n    fetch(API_BASE + "/api/forecast/conditions?lat=" + Number(qlat).toFixed(4)\n          + "&lon=" + Number(qlon).toFixed(4) + "&lead=" + lead)\n      .then(parseJson)\n      .then(function (f'

tests\test_audit_invariants.py:833: AssertionError
_________ test_historical_radar_panel_does_not_claim_a_radar_product __________

    def test_historical_radar_panel_does_not_claim_a_radar_product():
        """Switching modes must re-apply radar semantics on an existing map."""
        js = _strip_js_comments(_read(APP_JS))
        assert "function applyRadarModeSemantics(" in js, (
            "initRadarMap() short-circuits when the map exists, so a live-created "
            "radar map kept 'RADAR READY' and live tiles over the case study."
        )
        i = js.index("function applyRadarModeSemantics(")
        body = js[i:i + 1800]
        assert "rainviewer" in body.lower() and "removeLayer" in body, (
            "Historical mode must detach live radar tiles."
        )
>       assert "HISTORICAL ANALYSIS" in body
E       assert 'HISTORICAL ANALYSIS' in 'function applyRadarModeSemantics() {\n    var map = window.stormSenseRadarMap;\n    var isHist = (window.stormSenseMode === "historical");\n    var spt = document.getElementById("spatial-panel-title");\n    var rs = document.getElementById("radar-status");\n    var ri = document.getElementById("radar-info");\n    var ru = document.getElementById("radar-last-update");\n\n    if (isHist) {\n\n      if (map) {\n        map.eachLayer(function (l) {\n          if (l && l._url && String(l._url).indexOf("rainviewer") >= 0) map.removeLayer(l);\n        });\n      }\n      if (spt) spt.textContent = "Cyclone Remal · Observed Rainfall Analysis (t=0)";\n      if (rs) {\n        rs.textContent = "ERA5 OBSERVED";\n        rs.className = "text-[10px] font-mono bg-cyan-500/20 text-cyan-300 px-2 py-0.5 rounded border border-cyan-500/40 font-bold";\n      }\n      if (ri) ri.textContent = "ERA5 reanalysis · observed rainfall rate (mm/h) · not a forecast";\n      if (ru) ru.textContent = "Analysis 26 May 2024 · 12:00 UTC";\n    } else {\n      if (spt) spt.textContent = "AI Spatial Forecast & Live Radar";\n      if (map && typeof loadRainViewerRadar === "function") loadRainViewerRadar(map);\n    }\n  }\n  window.applyRadarModeSemantics = applyRadarModeSemantics;\n\n  function initRadarMap(data) {\n\n    var mapContainer = document.getElementById("radar-map-container");\n    if (!mapContainer || typeof L === "undefined" || window.stormSenseRadarMap) return;\n\n    var map = L.map("radar-map-container", {\n      center: [23.8, 87.9],\n      zoom: 7,\n      minZoom: 6,\n      maxZoom: 16,\n      zoomControl: true\n    });\n\n    L.tileLayer("https://server.arcgisonline.com/ArcGIS/rest/services/Canvas/World_Dark_Gray_Base/MapServer/tile/{z}/{y}/{x}", {\n      attribution: \'Tiles &copy; <a href="https://www.esri.com/" target="_blank" '

tests\test_audit_invariants.py:849: AssertionError
______________ test_public_ui_does_not_expose_threshold_numbers _______________

page = <Page url='http://127.0.0.1:8000/'>

    def test_public_ui_does_not_expose_threshold_numbers(page):
        """The numeric risk band edges are internal; the legend shows categories."""
        legend = page.locator("#map-legend-pills").inner_text()
        for pat in ["25%", "50%", "75%", "20%"]:
>           assert pat not in legend, f"legend exposes threshold number {pat}: {legend!r}"
E           AssertionError: legend exposes threshold number 25%: '<25% Normal\\n25\u201350% Watch\\n50\u201375% Alert\\n\u226575% Warning'
E           assert '25%' not in '<25% Normal...\u226575% Warning'
E             
E             '25%' is contained here:
E               <25% Normal
E             ?  +++
E               25–50% Watch
E               50–75% Alert
E               \u226575% Warning

tests\test_browser_e2e.py:231: AssertionError
______________ test_now_shows_observations_not_a_forecast_field _______________

page = <Page url='http://127.0.0.1:8000/'>

    def test_now_shows_observations_not_a_forecast_field(page):
        page.evaluate("() => window.setForecastHorizon(null, 'now', 0)")
        page.wait_for_timeout(1500)
        op = page.evaluate("""() => { const m=window.stormSenseMap;
            return m && m._riskSurfaceOverlay ? m._riskSurfaceOverlay.options.opacity : null; }""")
>       assert op == 0, f"NOW must not display the predicted risk field (opacity {op})"
E       AssertionError: NOW must not display the predicted risk field (opacity None)
E       assert None == 0

tests\test_browser_e2e.py:262: AssertionError
________________ test_rendered_surface_uses_a_non_risk_palette ________________

stations = [StationObservation(name='North', lat=26.32, lon=89.45, observed_at_utc=None, observed_unix=1789000000, temperature_c=...idity_pct=94, rain_1h_mm=0.5, cloud_pct=None, wind_kmh=None, pressure_hpa=None, condition=None, provider_station=None)]

    def test_rendered_surface_uses_a_non_risk_palette(stations):
        """The observation ramp is blue/teal; the forecast risk ramp is
        green/amber/orange/red. A viewer must never confuse the two."""
        png = generate_observation_surface_png(stations, "rain_1h_mm")
        rgba = np.array(Image.open(io.BytesIO(png)).convert("RGBA"))
        vis = rgba[rgba[..., 3] > 0]
        assert len(vis) > 0
        # Blue channel dominates red across the observation ramp.
>       assert (vis[:, 2].astype(int) >= vis[:, 0].astype(int)).mean() > 0.95
E       assert np.float64(0.0) > 0.95
E        +  where np.float64(0.0) = <built-in method mean of numpy.ndarray object at 0x000001F5979CBB70>()
E        +    where <built-in method mean of numpy.ndarray object at 0x000001F5979CBB70> = array([ 84,  84,  84, ..., 116, 116, 116], shape=(8101,)) >= array([252, 252, 252, ..., 253, 253, 253], shape=(8101,)).mean
E        +      where array([ 84,  84,  84, ..., 116, 116, 116], shape=(8101,)) = <built-in method astype of numpy.ndarray object at 0x000001F5979C9CB0>(int)
E        +        where <built-in method astype of numpy.ndarray object at 0x000001F5979C9CB0> = array([ 84,  84,  84, ..., 116, 116, 116], shape=(8101,), dtype=uint8).astype
E        +      and   array([252, 252, 252, ..., 253, 253, 253], shape=(8101,)) = <built-in method astype of numpy.ndarray object at 0x000001F5979CAEB0>(int)
E        +        where <built-in method astype of numpy.ndarray object at 0x000001F5979CAEB0> = array([252, 252, 252, ..., 253, 253, 253], shape=(8101,), dtype=uint8).astype

tests\test_observation_surface.py:186: AssertionError
============================== warnings summary ===============================
C:\Users\Souvik\AppData\Roaming\Python\Python313\site-packages\fastapi\testclient.py:1
  C:\Users\Souvik\AppData\Roaming\Python\Python313\site-packages\fastapi\testclient.py:1: StarletteDeprecationWarning: Using `httpx` with `starlette.testclient` is deprecated; install `httpx2` instead.
    from starlette.testclient import TestClient as TestClient  # noqa

src\api\app.py:92
  D:\Weather-Hackathon\src\api\app.py:92: PydanticDeprecatedSince20: Support for class-based `config` is deprecated, use ConfigDict instead. Deprecated in Pydantic V2.0 to be removed in V3.0. See Pydantic V2 Migration Guide at https://errors.pydantic.dev/2.12/migration/
    class PredictRequest(BaseModel):

backend\main.py:1676
  D:\Weather-Hackathon\backend/main.py:1676: DeprecationWarning: 
          on_event is deprecated, use lifespan event handlers instead.
  
          Read more about it in the
          [FastAPI docs for Lifespan Events](https://fastapi.tiangolo.com/advanced/events/).
          
    @app.on_event("startup")

C:\Users\Souvik\AppData\Roaming\Python\Python313\site-packages\fastapi\applications.py:4681
C:\Users\Souvik\AppData\Roaming\Python\Python313\site-packages\fastapi\applications.py:4681
C:\Users\Souvik\AppData\Roaming\Python\Python313\site-packages\fastapi\applications.py:4681
C:\Users\Souvik\AppData\Roaming\Python\Python313\site-packages\fastapi\applications.py:4681
  C:\Users\Souvik\AppData\Roaming\Python\Python313\site-packages\fastapi\applications.py:4681: DeprecationWarning: 
          on_event is deprecated, use lifespan event handlers instead.
  
          Read more about it in the
          [FastAPI docs for Lifespan Events](https://fastapi.tiangolo.com/advanced/events/).
          
    return self.router.on_event(event_type)  # ty: ignore[deprecated]

backend\main.py:1686
  D:\Weather-Hackathon\backend/main.py:1686: DeprecationWarning: 
          on_event is deprecated, use lifespan event handlers instead.
  
          Read more about it in the
          [FastAPI docs for Lifespan Events](https://fastapi.tiangolo.com/advanced/events/).
          
    @app.on_event("shutdown")

backend\main.py:1676
  D:\Weather-Hackathon\backend\main.py:1676: DeprecationWarning: 
          on_event is deprecated, use lifespan event handlers instead.
  
          Read more about it in the
          [FastAPI docs for Lifespan Events](https://fastapi.tiangolo.com/advanced/events/).
          
    @app.on_event("startup")

backend\main.py:1686
  D:\Weather-Hackathon\backend\main.py:1686: DeprecationWarning: 
          on_event is deprecated, use lifespan event handlers instead.
  
          Read more about it in the
          [FastAPI docs for Lifespan Events](https://fastapi.tiangolo.com/advanced/events/).
          
    @app.on_event("shutdown")

-- Docs: https://docs.pytest.org/en/stable/how-to/capture-warnings.html
=========================== short test summary info ===========================
FAILED tests/test_audit_invariants.py::test_historical_map_does_not_label_model_output_as_radar
FAILED tests/test_audit_invariants.py::test_unforecast_fields_are_not_carried_into_forecast_horizons
FAILED tests/test_audit_invariants.py::test_historical_radar_panel_does_not_claim_a_radar_product
FAILED tests/test_browser_e2e.py::test_public_ui_does_not_expose_threshold_numbers
FAILED tests/test_browser_e2e.py::test_now_shows_observations_not_a_forecast_field
FAILED tests/test_observation_surface.py::test_rendered_surface_uses_a_non_risk_palette
=========== 6 failed, 344 passed, 10 warnings in 417.17s (0:06:57) ============
